# JRE version: Java(TM) SE Runtime Environment (8.0_101-b13) (build 1.8.0_101-b13)
# Java VM: Java HotSpot(TM) 64-Bit Server VM (25.101-b13 mixed mode windows-amd64 compressed oops)
Heap:
 PSYoungGen      total 190464K, used 54243K [0x00000000e0000000, 0x00000000ee900000, 0x0000000100000000)
  eden space 177664K, 30% used [0x00000000e0000000,0x00000000e34f8d48,0x00000000ead80000)
  from space 12800K, 0% used [0x00000000eb980000,0x00000000eb980000,0x00000000ec600000)
  to   space 12288K, 0% used [0x00000000ead80000,0x00000000ead80000,0x00000000eb980000)
 ParOldGen       total 136192K, used 14968K [0x00000000a0000000, 0x00000000a8500000, 0x00000000e0000000)
  object space 136192K, 10% used [0x00000000a0000000,0x00000000a0e9e380,0x00000000a8500000)
 Metaspace       used 37774K, capacity 38552K, committed 38832K, reserved 1083392K
  class space    used 5185K, capacity 5454K, committed 5552K, reserved 1048576K
GC Heap History (10 events):
Event: 8.449 GC heap before
{Heap before GC invocations=4 (full 1):
 PSYoungGen      total 76288K, used 6871K [0x00000000e0000000, 0x00000000e9500000, 0x0000000100000000)
  eden space 65536K, 0% used [0x00000000e0000000,0x00000000e0000000,0x00000000e4000000)
  from space 10752K, 63% used [0x00000000e4000000,0x00000000e46b5d28,0x00000000e4a80000)
  to   space 10752K, 0% used [0x00000000e8a80000,0x00000000e8a80000,0x00000000e9500000)
 ParOldGen       total 175104K, used 1145K [0x00000000a0000000, 0x00000000aab00000, 0x00000000e0000000)
  object space 175104K, 0% used [0x00000000a0000000,0x00000000a011e540,0x00000000aab00000)
 Metaspace       used 20756K, capacity 21192K, committed 21296K, reserved 1067008K
  class space    used 2943K, capacity 3101K, committed 3120K, reserved 1048576K
Event: 8.540 GC heap after
Heap after GC invocations=4 (full 1):
 PSYoungGen      total 76288K, used 0K [0x00000000e0000000, 0x00000000e9500000, 0x0000000100000000)
  eden space 65536K, 0% used [0x00000000e0000000,0x00000000e0000000,0x00000000e4000000)
  from space 10752K, 0% used [0x00000000e4000000,0x00000000e4000000,0x00000000e4a80000)
  to   space 10752K, 0% used [0x00000000e8a80000,0x00000000e8a80000,0x00000000e9500000)
 ParOldGen       total 94208K, used 6772K [0x00000000a0000000, 0x00000000a5c00000, 0x00000000e0000000)
  object space 94208K, 7% used [0x00000000a0000000,0x00000000a069d228,0x00000000a5c00000)
 Metaspace       used 20756K, capacity 21192K, committed 21296K, reserved 1067008K
  class space    used 2943K, capacity 3101K, committed 3120K, reserved 1048576K
}
Event: 10.781 GC heap before
{Heap before GC invocations=5 (full 1):
 PSYoungGen      total 76288K, used 65536K [0x00000000e0000000, 0x00000000e9500000, 0x0000000100000000)
  eden space 65536K, 100% used [0x00000000e0000000,0x00000000e4000000,0x00000000e4000000)
  from space 10752K, 0% used [0x00000000e4000000,0x00000000e4000000,0x00000000e4a80000)
  to   space 10752K, 0% used [0x00000000e8a80000,0x00000000e8a80000,0x00000000e9500000)
 ParOldGen       total 94208K, used 6772K [0x00000000a0000000, 0x00000000a5c00000, 0x00000000e0000000)
  object space 94208K, 7% used [0x00000000a0000000,0x00000000a069d228,0x00000000a5c00000)
 Metaspace       used 25826K, capacity 26432K, committed 26672K, reserved 1073152K
  class space    used 3603K, capacity 3793K, committed 3888K, reserved 1048576K
Event: 10.789 GC heap after
Heap after GC invocations=5 (full 1):
 PSYoungGen      total 114688K, used 7026K [0x00000000e0000000, 0x00000000e9180000, 0x0000000100000000)
  eden space 107520K, 0% used [0x00000000e0000000,0x00000000e0000000,0x00000000e6900000)
  from space 7168K, 98% used [0x00000000e8a80000,0x00000000e915c890,0x00000000e9180000)
  to   space 10752K, 0% used [0x00000000e7c80000,0x00000000e7c80000,0x00000000e8700000)
 ParOldGen       total 94208K, used 6780K [0x00000000a0000000, 0x00000000a5c00000, 0x00000000e0000000)
  object space 94208K, 7% used [0x00000000a0000000,0x00000000a069f228,0x00000000a5c00000)
 Metaspace       used 25826K, capacity 26432K, committed 26672K, reserved 1073152K
  class space    used 3603K, capacity 3793K, committed 3888K, reserved 1048576K
}
Event: 13.197 GC heap before
{Heap before GC invocations=6 (full 1):
 PSYoungGen      total 114688K, used 114546K [0x00000000e0000000, 0x00000000e9180000, 0x0000000100000000)
  eden space 107520K, 100% used [0x00000000e0000000,0x00000000e6900000,0x00000000e6900000)
  from space 7168K, 98% used [0x00000000e8a80000,0x00000000e915c890,0x00000000e9180000)
  to   space 10752K, 0% used [0x00000000e7c80000,0x00000000e7c80000,0x00000000e8700000)
 ParOldGen       total 94208K, used 6780K [0x00000000a0000000, 0x00000000a5c00000, 0x00000000e0000000)
  object space 94208K, 7% used [0x00000000a0000000,0x00000000a069f228,0x00000000a5c00000)
 Metaspace       used 31319K, capacity 32022K, committed 32304K, reserved 1077248K
  class space    used 4367K, capacity 4589K, committed 4656K, reserved 1048576K
Event: 13.252 GC heap after
Heap after GC invocations=6 (full 1):
 PSYoungGen      total 138240K, used 9981K [0x00000000e0000000, 0x00000000ec600000, 0x0000000100000000)
  eden space 127488K, 0% used [0x00000000e0000000,0x00000000e0000000,0x00000000e7c80000)
  from space 10752K, 92% used [0x00000000e7c80000,0x00000000e863f780,0x00000000e8700000)
  to   space 12800K, 0% used [0x00000000eb980000,0x00000000eb980000,0x00000000ec600000)
 ParOldGen       total 94208K, used 6860K [0x00000000a0000000, 0x00000000a5c00000, 0x00000000e0000000)
  object space 94208K, 7% used [0x00000000a0000000,0x00000000a06b3238,0x00000000a5c00000)
 Metaspace       used 31319K, capacity 32022K, committed 32304K, reserved 1077248K
  class space    used 4367K, capacity 4589K, committed 4656K, reserved 1048576K
}
Event: 13.895 GC heap before
{Heap before GC invocations=7 (full 1):
 PSYoungGen      total 138240K, used 28230K [0x00000000e0000000, 0x00000000ec600000, 0x0000000100000000)
  eden space 127488K, 14% used [0x00000000e0000000,0x00000000e11d2118,0x00000000e7c80000)
  from space 10752K, 92% used [0x00000000e7c80000,0x00000000e863f780,0x00000000e8700000)
  to   space 12800K, 0% used [0x00000000eb980000,0x00000000eb980000,0x00000000ec600000)
 ParOldGen       total 94208K, used 6860K [0x00000000a0000000, 0x00000000a5c00000, 0x00000000e0000000)
  object space 94208K, 7% used [0x00000000a0000000,0x00000000a06b3238,0x00000000a5c00000)
 Metaspace       used 34546K, capacity 35342K, committed 35496K, reserved 1079296K
  class space    used 4803K, capacity 5087K, committed 5168K, reserved 1048576K
Event: 13.916 GC heap after
Heap after GC invocations=7 (full 1):
 PSYoungGen      total 190464K, used 8728K [0x00000000e0000000, 0x00000000ee900000, 0x0000000100000000)
  eden space 177664K, 0% used [0x00000000e0000000,0x00000000e0000000,0x00000000ead80000)
  from space 12800K, 68% used [0x00000000eb980000,0x00000000ec2063a0,0x00000000ec600000)
  to   space 12288K, 0% used [0x00000000ead80000,0x00000000ead80000,0x00000000eb980000)
 ParOldGen       total 94208K, used 6868K [0x00000000a0000000, 0x00000000a5c00000, 0x00000000e0000000)
  object space 94208K, 7% used [0x00000000a0000000,0x00000000a06b5238,0x00000000a5c00000)
 Metaspace       used 34546K, capacity 35342K, committed 35496K, reserved 1079296K
  class space    used 4803K, capacity 5087K, committed 5168K, reserved 1048576K
}
Event: 13.916 GC heap before
{Heap before GC invocations=8 (full 2):
 PSYoungGen      total 190464K, used 8728K [0x00000000e0000000, 0x00000000ee900000, 0x0000000100000000)
  eden space 177664K, 0% used [0x00000000e0000000,0x00000000e0000000,0x00000000ead80000)
  from space 12800K, 68% used [0x00000000eb980000,0x00000000ec2063a0,0x00000000ec600000)
  to   space 12288K, 0% used [0x00000000ead80000,0x00000000ead80000,0x00000000eb980000)
 ParOldGen       total 94208K, used 6868K [0x00000000a0000000, 0x00000000a5c00000, 0x00000000e0000000)
  object space 94208K, 7% used [0x00000000a0000000,0x00000000a06b5238,0x00000000a5c00000)
 Metaspace       used 34546K, capacity 35342K, committed 35496K, reserved 1079296K
  class space    used 4803K, capacity 5087K, committed 5168K, reserved 1048576K
Event: 14.016 GC heap after
Heap after GC invocations=8 (full 2):
 PSYoungGen      total 190464K, used 0K [0x00000000e0000000, 0x00000000ee900000, 0x0000000100000000)
  eden space 177664K, 0% used [0x00000000e0000000,0x00000000e0000000,0x00000000ead80000)
  from space 12800K, 0% used [0x00000000eb980000,0x00000000eb980000,0x00000000ec600000)
  to   space 12288K, 0% used [0x00000000ead80000,0x00000000ead80000,0x00000000eb980000)
 ParOldGen       total 136192K, used 14968K [0x00000000a0000000, 0x00000000a8500000, 0x00000000e0000000)
  object space 136192K, 10% used [0x00000000a0000000,0x00000000a0e9e380,0x00000000a8500000)
 Metaspace       used 34546K, capacity 35342K, committed 35496K, reserved 1079296K
  class space    used 4803K, capacity 5087K, committed 5168K, reserved 1048576K
}

