# JRE version: Java(TM) SE Runtime Environment (8.0_101-b13) (build 1.8.0_101-b13)
# Java VM: Java HotSpot(TM) 64-Bit Server VM (25.101-b13 mixed mode windows-amd64 compressed oops)
Heap:
 PSYoungGen      total 154112K, used 107844K [0x00000000e0000000, 0x00000000ed700000, 0x0000000100000000)
  eden space 142336K, 75% used [0x00000000e0000000,0x00000000e69510a0,0x00000000e8b00000)
  from space 11776K, 0% used [0x00000000e9680000,0x00000000e9680000,0x00000000ea200000)
  to   space 11776K, 0% used [0x00000000e8b00000,0x00000000e8b00000,0x00000000e9680000)
 ParOldGen       total 161280K, used 15401K [0x00000000a0000000, 0x00000000a9d80000, 0x00000000e0000000)
  object space 161280K, 9% used [0x00000000a0000000,0x00000000a0f0a6f8,0x00000000a9d80000)
 Metaspace       used 41307K, capacity 42220K, committed 42544K, reserved 1085440K
  class space    used 5642K, capacity 5917K, committed 5936K, reserved 1048576K
GC Heap History (10 events):
Event: 7.045 GC heap before
{Heap before GC invocations=4 (full 1):
 PSYoungGen      total 76288K, used 6806K [0x00000000e0000000, 0x00000000e9500000, 0x0000000100000000)
  eden space 65536K, 0% used [0x00000000e0000000,0x00000000e0000000,0x00000000e4000000)
  from space 10752K, 63% used [0x00000000e4000000,0x00000000e46a5be0,0x00000000e4a80000)
  to   space 10752K, 0% used [0x00000000e8a80000,0x00000000e8a80000,0x00000000e9500000)
 ParOldGen       total 175104K, used 1011K [0x00000000a0000000, 0x00000000aab00000, 0x00000000e0000000)
  object space 175104K, 0% used [0x00000000a0000000,0x00000000a00fcd38,0x00000000aab00000)
 Metaspace       used 20739K, capacity 21184K, committed 21296K, reserved 1067008K
  class space    used 2939K, capacity 3101K, committed 3120K, reserved 1048576K
Event: 7.125 GC heap after
Heap after GC invocations=4 (full 1):
 PSYoungGen      total 76288K, used 0K [0x00000000e0000000, 0x00000000e9500000, 0x0000000100000000)
  eden space 65536K, 0% used [0x00000000e0000000,0x00000000e0000000,0x00000000e4000000)
  from space 10752K, 0% used [0x00000000e4000000,0x00000000e4000000,0x00000000e4a80000)
  to   space 10752K, 0% used [0x00000000e8a80000,0x00000000e8a80000,0x00000000e9500000)
 ParOldGen       total 105472K, used 6699K [0x00000000a0000000, 0x00000000a6700000, 0x00000000e0000000)
  object space 105472K, 6% used [0x00000000a0000000,0x00000000a068aef8,0x00000000a6700000)
 Metaspace       used 20739K, capacity 21184K, committed 21296K, reserved 1067008K
  class space    used 2939K, capacity 3101K, committed 3120K, reserved 1048576K
}
Event: 9.139 GC heap before
{Heap before GC invocations=5 (full 1):
 PSYoungGen      total 76288K, used 65536K [0x00000000e0000000, 0x00000000e9500000, 0x0000000100000000)
  eden space 65536K, 100% used [0x00000000e0000000,0x00000000e4000000,0x00000000e4000000)
  from space 10752K, 0% used [0x00000000e4000000,0x00000000e4000000,0x00000000e4a80000)
  to   space 10752K, 0% used [0x00000000e8a80000,0x00000000e8a80000,0x00000000e9500000)
 ParOldGen       total 105472K, used 6699K [0x00000000a0000000, 0x00000000a6700000, 0x00000000e0000000)
  object space 105472K, 6% used [0x00000000a0000000,0x00000000a068aef8,0x00000000a6700000)
 Metaspace       used 25823K, capacity 26360K, committed 26672K, reserved 1073152K
  class space    used 3598K, capacity 3793K, committed 3888K, reserved 1048576K
Event: 9.153 GC heap after
Heap after GC invocations=5 (full 1):
 PSYoungGen      total 105472K, used 7191K [0x00000000e0000000, 0x00000000e9200000, 0x0000000100000000)
  eden space 97792K, 0% used [0x00000000e0000000,0x00000000e0000000,0x00000000e5f80000)
  from space 7680K, 93% used [0x00000000e8a80000,0x00000000e9185f90,0x00000000e9200000)
  to   space 10752K, 0% used [0x00000000e7d00000,0x00000000e7d00000,0x00000000e8780000)
 ParOldGen       total 105472K, used 6707K [0x00000000a0000000, 0x00000000a6700000, 0x00000000e0000000)
  object space 105472K, 6% used [0x00000000a0000000,0x00000000a068cef8,0x00000000a6700000)
 Metaspace       used 25823K, capacity 26360K, committed 26672K, reserved 1073152K
  class space    used 3598K, capacity 3793K, committed 3888K, reserved 1048576K
}
Event: 12.017 GC heap before
{Heap before GC invocations=6 (full 1):
 PSYoungGen      total 105472K, used 104983K [0x00000000e0000000, 0x00000000e9200000, 0x0000000100000000)
  eden space 97792K, 100% used [0x00000000e0000000,0x00000000e5f80000,0x00000000e5f80000)
  from space 7680K, 93% used [0x00000000e8a80000,0x00000000e9185f90,0x00000000e9200000)
  to   space 10752K, 0% used [0x00000000e7d00000,0x00000000e7d00000,0x00000000e8780000)
 ParOldGen       total 105472K, used 6707K [0x00000000a0000000, 0x00000000a6700000, 0x00000000e0000000)
  object space 105472K, 6% used [0x00000000a0000000,0x00000000a068cef8,0x00000000a6700000)
 Metaspace       used 30828K, capacity 31522K, committed 31664K, reserved 1077248K
  class space    used 4292K, capacity 4510K, committed 4528K, reserved 1048576K
Event: 12.031 GC heap after
Heap after GC invocations=6 (full 1):
 PSYoungGen      total 138752K, used 8735K [0x00000000e0000000, 0x00000000ea200000, 0x0000000100000000)
  eden space 128000K, 0% used [0x00000000e0000000,0x00000000e0000000,0x00000000e7d00000)
  from space 10752K, 81% used [0x00000000e7d00000,0x00000000e8587ec8,0x00000000e8780000)
  to   space 11776K, 0% used [0x00000000e9680000,0x00000000e9680000,0x00000000ea200000)
 ParOldGen       total 105472K, used 6779K [0x00000000a0000000, 0x00000000a6700000, 0x00000000e0000000)
  object space 105472K, 6% used [0x00000000a0000000,0x00000000a069ef08,0x00000000a6700000)
 Metaspace       used 30828K, capacity 31522K, committed 31664K, reserved 1077248K
  class space    used 4292K, capacity 4510K, committed 4528K, reserved 1048576K
}
Event: 12.694 GC heap before
{Heap before GC invocations=7 (full 1):
 PSYoungGen      total 138752K, used 36232K [0x00000000e0000000, 0x00000000ea200000, 0x0000000100000000)
  eden space 128000K, 21% used [0x00000000e0000000,0x00000000e1ada420,0x00000000e7d00000)
  from space 10752K, 81% used [0x00000000e7d00000,0x00000000e8587ec8,0x00000000e8780000)
  to   space 11776K, 0% used [0x00000000e9680000,0x00000000e9680000,0x00000000ea200000)
 ParOldGen       total 105472K, used 6779K [0x00000000a0000000, 0x00000000a6700000, 0x00000000e0000000)
  object space 105472K, 6% used [0x00000000a0000000,0x00000000a069ef08,0x00000000a6700000)
 Metaspace       used 34539K, capacity 35334K, committed 35496K, reserved 1079296K
  class space    used 4801K, capacity 5087K, committed 5168K, reserved 1048576K
Event: 12.710 GC heap after
Heap after GC invocations=7 (full 1):
 PSYoungGen      total 154112K, used 9420K [0x00000000e0000000, 0x00000000ed700000, 0x0000000100000000)
  eden space 142336K, 0% used [0x00000000e0000000,0x00000000e0000000,0x00000000e8b00000)
  from space 11776K, 79% used [0x00000000e9680000,0x00000000e9fb3078,0x00000000ea200000)
  to   space 11776K, 0% used [0x00000000e8b00000,0x00000000e8b00000,0x00000000e9680000)
 ParOldGen       total 105472K, used 6787K [0x00000000a0000000, 0x00000000a6700000, 0x00000000e0000000)
  object space 105472K, 6% used [0x00000000a0000000,0x00000000a06a0f08,0x00000000a6700000)
 Metaspace       used 34539K, capacity 35334K, committed 35496K, reserved 1079296K
  class space    used 4801K, capacity 5087K, committed 5168K, reserved 1048576K
}
Event: 12.710 GC heap before
{Heap before GC invocations=8 (full 2):
 PSYoungGen      total 154112K, used 9420K [0x00000000e0000000, 0x00000000ed700000, 0x0000000100000000)
  eden space 142336K, 0% used [0x00000000e0000000,0x00000000e0000000,0x00000000e8b00000)
  from space 11776K, 79% used [0x00000000e9680000,0x00000000e9fb3078,0x00000000ea200000)
  to   space 11776K, 0% used [0x00000000e8b00000,0x00000000e8b00000,0x00000000e9680000)
 ParOldGen       total 105472K, used 6787K [0x00000000a0000000, 0x00000000a6700000, 0x00000000e0000000)
  object space 105472K, 6% used [0x00000000a0000000,0x00000000a06a0f08,0x00000000a6700000)
 Metaspace       used 34539K, capacity 35334K, committed 35496K, reserved 1079296K
  class space    used 4801K, capacity 5087K, committed 5168K, reserved 1048576K
Event: 12.784 GC heap after
Heap after GC invocations=8 (full 2):
 PSYoungGen      total 154112K, used 0K [0x00000000e0000000, 0x00000000ed700000, 0x0000000100000000)
  eden space 142336K, 0% used [0x00000000e0000000,0x00000000e0000000,0x00000000e8b00000)
  from space 11776K, 0% used [0x00000000e9680000,0x00000000e9680000,0x00000000ea200000)
  to   space 11776K, 0% used [0x00000000e8b00000,0x00000000e8b00000,0x00000000e9680000)
 ParOldGen       total 161280K, used 15401K [0x00000000a0000000, 0x00000000a9d80000, 0x00000000e0000000)
  object space 161280K, 9% used [0x00000000a0000000,0x00000000a0f0a6f8,0x00000000a9d80000)
 Metaspace       used 34539K, capacity 35334K, committed 35496K, reserved 1079296K
  class space    used 4801K, capacity 5087K, committed 5168K, reserved 1048576K
}

